# JRE version: Java(TM) SE Runtime Environment (8.0_45-b14) (build 1.8.0_45-b14)
# Java VM: Java HotSpot(TM) Server VM (25.45-b02 mixed mode linux-x86 )
Heap:
 PSYoungGen      total 55040K, used 49357K [0x97380000, 0x9df00000, 0xa7000000)
  eden space 49152K, 98% used [0x97380000,0x9a298e50,0x9a380000)
  from space 5888K, 19% used [0x9a380000,0x9a49a840,0x9a940000)
  to   space 5888K, 0% used [0x9d940000,0x9d940000,0x9df00000)
 ParOldGen       total 32768K, used 8750K [0x77a00000, 0x79a00000, 0x97380000)
  object space 32768K, 26% used [0x77a00000,0x7828bbf8,0x79a00000)
 Metaspace       used 16106K, capacity 16314K, committed 16384K, reserved 16688K
GC Heap History (10 events):
Event: 2,583 GC heap before
{Heap before GC invocations=3 (full 0):
 PSYoungGen      total 14336K, used 14320K [0x97380000, 0x98f80000, 0xa7000000)
  eden space 12288K, 100% used [0x97380000,0x97f80000,0x97f80000)
  from space 2048K, 99% used [0x98180000,0x9837c0e0,0x98380000)
  to   space 2048K, 0% used [0x97f80000,0x97f80000,0x98180000)
 ParOldGen       total 32768K, used 1456K [0x77a00000, 0x79a00000, 0x97380000)
  object space 32768K, 4% used [0x77a00000,0x77b6c010,0x79a00000)
 Metaspace       used 11472K, capacity 11659K, committed 11800K, reserved 12592K
Event: 2,600 GC heap after
Heap after GC invocations=3 (full 0):
 PSYoungGen      total 14336K, used 2040K [0x97380000, 0x98f80000, 0xa7000000)
  eden space 12288K, 0% used [0x97380000,0x97380000,0x97f80000)
  from space 2048K, 99% used [0x97f80000,0x9817e0f0,0x98180000)
  to   space 2048K, 0% used [0x98d80000,0x98d80000,0x98f80000)
 ParOldGen       total 32768K, used 2808K [0x77a00000, 0x79a00000, 0x97380000)
  object space 32768K, 8% used [0x77a00000,0x77cbe168,0x79a00000)
 Metaspace       used 11472K, capacity 11659K, committed 11800K, reserved 12592K
}
Event: 15,157 GC heap before
{Heap before GC invocations=4 (full 0):
 PSYoungGen      total 14336K, used 14328K [0x97380000, 0x98f80000, 0xa7000000)
  eden space 12288K, 100% used [0x97380000,0x97f80000,0x97f80000)
  from space 2048K, 99% used [0x97f80000,0x9817e0f0,0x98180000)
  to   space 2048K, 0% used [0x98d80000,0x98d80000,0x98f80000)
 ParOldGen       total 32768K, used 2808K [0x77a00000, 0x79a00000, 0x97380000)
  object space 32768K, 8% used [0x77a00000,0x77cbe168,0x79a00000)
 Metaspace       used 13196K, capacity 13407K, committed 13464K, reserved 13616K
Event: 15,173 GC heap after
Heap after GC invocations=4 (full 0):
 PSYoungGen      total 26624K, used 2041K [0x97380000, 0x98f80000, 0xa7000000)
  eden space 24576K, 0% used [0x97380000,0x97380000,0x98b80000)
  from space 2048K, 99% used [0x98d80000,0x98f7e508,0x98f80000)
  to   space 2048K, 0% used [0x98b80000,0x98b80000,0x98d80000)
 ParOldGen       total 32768K, used 3988K [0x77a00000, 0x79a00000, 0x97380000)
  object space 32768K, 12% used [0x77a00000,0x77de5148,0x79a00000)
 Metaspace       used 13196K, capacity 13407K, committed 13464K, reserved 13616K
}
Event: 16,234 GC heap before
{Heap before GC invocations=5 (full 0):
 PSYoungGen      total 26624K, used 26617K [0x97380000, 0x98f80000, 0xa7000000)
  eden space 24576K, 100% used [0x97380000,0x98b80000,0x98b80000)
  from space 2048K, 99% used [0x98d80000,0x98f7e508,0x98f80000)
  to   space 2048K, 0% used [0x98b80000,0x98b80000,0x98d80000)
 ParOldGen       total 32768K, used 3988K [0x77a00000, 0x79a00000, 0x97380000)
  object space 32768K, 12% used [0x77a00000,0x77de5148,0x79a00000)
 Metaspace       used 15721K, capacity 15935K, committed 16024K, reserved 16688K
Event: 16,257 GC heap after
Heap after GC invocations=5 (full 0):
 PSYoungGen      total 26624K, used 2040K [0x97380000, 0x9af00000, 0xa7000000)
  eden space 24576K, 0% used [0x97380000,0x97380000,0x98b80000)
  from space 2048K, 99% used [0x98b80000,0x98d7e0d0,0x98d80000)
  to   space 5888K, 0% used [0x9a940000,0x9a940000,0x9af00000)
 ParOldGen       total 32768K, used 7874K [0x77a00000, 0x79a00000, 0x97380000)
  object space 32768K, 24% used [0x77a00000,0x781b0828,0x79a00000)
 Metaspace       used 15721K, capacity 15935K, committed 16024K, reserved 16688K
}
Event: 16,512 GC heap before
{Heap before GC invocations=6 (full 0):
 PSYoungGen      total 26624K, used 26616K [0x97380000, 0x9af00000, 0xa7000000)
  eden space 24576K, 100% used [0x97380000,0x98b80000,0x98b80000)
  from space 2048K, 99% used [0x98b80000,0x98d7e0d0,0x98d80000)
  to   space 5888K, 0% used [0x9a940000,0x9a940000,0x9af00000)
 ParOldGen       total 32768K, used 7874K [0x77a00000, 0x79a00000, 0x97380000)
  object space 32768K, 24% used [0x77a00000,0x781b0828,0x79a00000)
 Metaspace       used 15724K, capacity 15935K, committed 16024K, reserved 16688K
Event: 16,537 GC heap after
Heap after GC invocations=6 (full 0):
 PSYoungGen      total 55040K, used 1992K [0x97380000, 0x9af00000, 0xa7000000)
  eden space 49152K, 0% used [0x97380000,0x97380000,0x9a380000)
  from space 5888K, 33% used [0x9a940000,0x9ab320d0,0x9af00000)
  to   space 5888K, 0% used [0x9a380000,0x9a380000,0x9a940000)
 ParOldGen       total 32768K, used 7874K [0x77a00000, 0x79a00000, 0x97380000)
  object space 32768K, 24% used [0x77a00000,0x781b0828,0x79a00000)
 Metaspace       used 15724K, capacity 15935K, committed 16024K, reserved 16688K
}
Event: 17,003 GC heap before
{Heap before GC invocations=7 (full 0):
 PSYoungGen      total 55040K, used 51144K [0x97380000, 0x9af00000, 0xa7000000)
  eden space 49152K, 100% used [0x97380000,0x9a380000,0x9a380000)
  from space 5888K, 33% used [0x9a940000,0x9ab320d0,0x9af00000)
  to   space 5888K, 0% used [0x9a380000,0x9a380000,0x9a940000)
 ParOldGen       total 32768K, used 7874K [0x77a00000, 0x79a00000, 0x97380000)
  object space 32768K, 24% used [0x77a00000,0x781b0828,0x79a00000)
 Metaspace       used 15732K, capacity 15935K, committed 16024K, reserved 16688K
Event: 17,034 GC heap after
Heap after GC invocations=7 (full 0):
 PSYoungGen      total 55040K, used 1130K [0x97380000, 0x9df00000, 0xa7000000)
  eden space 49152K, 0% used [0x97380000,0x97380000,0x9a380000)
  from space 5888K, 19% used [0x9a380000,0x9a49a840,0x9a940000)
  to   space 5888K, 0% used [0x9d940000,0x9d940000,0x9df00000)
 ParOldGen       total 32768K, used 8750K [0x77a00000, 0x79a00000, 0x97380000)
  object space 32768K, 26% used [0x77a00000,0x7828bbf8,0x79a00000)
 Metaspace       used 15732K, capacity 15935K, committed 16024K, reserved 16688K
}

