# JRE version: Java(TM) SE Runtime Environment (8.0_45-b14) (build 1.8.0_45-b14)
# Java VM: Java HotSpot(TM) Server VM (25.45-b02 mixed mode linux-x86 )
Heap:
 PSYoungGen      total 54272K, used 22047K [0x97380000, 0x9cb00000, 0xa7000000)
  eden space 48896K, 45% used [0x97380000,0x988ffdc8,0x9a340000)
  from space 5376K, 0% used [0x9a340000,0x9a348000,0x9a880000)
  to   space 5632K, 0% used [0x9c580000,0x9c580000,0x9cb00000)
 ParOldGen       total 32768K, used 8399K [0x77a00000, 0x79a00000, 0x97380000)
  object space 32768K, 25% used [0x77a00000,0x78233e40,0x79a00000)
 Metaspace       used 16150K, capacity 16344K, committed 16384K, reserved 16688K
GC Heap History (10 events):
Event: 49,108 GC heap before
{Heap before GC invocations=5 (full 0):
 PSYoungGen      total 14336K, used 14321K [0x97380000, 0x98380000, 0xa7000000)
  eden space 12288K, 100% used [0x97380000,0x97f80000,0x97f80000)
  from space 2048K, 99% used [0x98180000,0x9837c4d8,0x98380000)
  to   space 2048K, 0% used [0x97f80000,0x97f80000,0x98180000)
 ParOldGen       total 32768K, used 3977K [0x77a00000, 0x79a00000, 0x97380000)
  object space 32768K, 12% used [0x77a00000,0x77de2730,0x79a00000)
 Metaspace       used 14675K, capacity 14909K, committed 15000K, reserved 15664K
Event: 49,136 GC heap after
Heap after GC invocations=5 (full 0):
 PSYoungGen      total 14336K, used 2034K [0x97380000, 0x99480000, 0xa7000000)
  eden space 12288K, 0% used [0x97380000,0x97380000,0x97f80000)
  from space 2048K, 99% used [0x97f80000,0x9817c8f0,0x98180000)
  to   space 4608K, 0% used [0x99000000,0x99000000,0x99480000)
 ParOldGen       total 32768K, used 6167K [0x77a00000, 0x79a00000, 0x97380000)
  object space 32768K, 18% used [0x77a00000,0x78005d18,0x79a00000)
 Metaspace       used 14675K, capacity 14909K, committed 15000K, reserved 15664K
}
Event: 50,117 GC heap before
{Heap before GC invocations=6 (full 0):
 PSYoungGen      total 14336K, used 14322K [0x97380000, 0x99480000, 0xa7000000)
  eden space 12288K, 100% used [0x97380000,0x97f80000,0x97f80000)
  from space 2048K, 99% used [0x97f80000,0x9817c8f0,0x98180000)
  to   space 4608K, 0% used [0x99000000,0x99000000,0x99480000)
 ParOldGen       total 32768K, used 6167K [0x77a00000, 0x79a00000, 0x97380000)
  object space 32768K, 18% used [0x77a00000,0x78005d18,0x79a00000)
 Metaspace       used 15811K, capacity 15997K, committed 16152K, reserved 16688K
Event: 50,146 GC heap after
Heap after GC invocations=6 (full 0):
 PSYoungGen      total 29184K, used 3822K [0x97380000, 0x99480000, 0xa7000000)
  eden space 24576K, 0% used [0x97380000,0x97380000,0x98b80000)
  from space 4608K, 82% used [0x99000000,0x993bbb60,0x99480000)
  to   space 4608K, 0% used [0x98b80000,0x98b80000,0x99000000)
 ParOldGen       total 32768K, used 6167K [0x77a00000, 0x79a00000, 0x97380000)
  object space 32768K, 18% used [0x77a00000,0x78005d18,0x79a00000)
 Metaspace       used 15811K, capacity 15997K, committed 16152K, reserved 16688K
}
Event: 50,662 GC heap before
{Heap before GC invocations=7 (full 0):
 PSYoungGen      total 29184K, used 28398K [0x97380000, 0x99480000, 0xa7000000)
  eden space 24576K, 100% used [0x97380000,0x98b80000,0x98b80000)
  from space 4608K, 82% used [0x99000000,0x993bbb60,0x99480000)
  to   space 4608K, 0% used [0x98b80000,0x98b80000,0x99000000)
 ParOldGen       total 32768K, used 6167K [0x77a00000, 0x79a00000, 0x97380000)
  object space 32768K, 18% used [0x77a00000,0x78005d18,0x79a00000)
 Metaspace       used 15814K, capacity 15997K, committed 16152K, reserved 16688K
Event: 50,690 GC heap after
Heap after GC invocations=7 (full 0):
 PSYoungGen      total 29184K, used 1139K [0x97380000, 0x9ad80000, 0xa7000000)
  eden space 24576K, 0% used [0x97380000,0x97380000,0x98b80000)
  from space 4608K, 24% used [0x98b80000,0x98c9cc58,0x99000000)
  to   space 5120K, 0% used [0x9a880000,0x9a880000,0x9ad80000)
 ParOldGen       total 32768K, used 7252K [0x77a00000, 0x79a00000, 0x97380000)
  object space 32768K, 22% used [0x77a00000,0x78115128,0x79a00000)
 Metaspace       used 15814K, capacity 15997K, committed 16152K, reserved 16688K
}
Event: 50,941 GC heap before
{Heap before GC invocations=8 (full 0):
 PSYoungGen      total 29184K, used 25715K [0x97380000, 0x9ad80000, 0xa7000000)
  eden space 24576K, 100% used [0x97380000,0x98b80000,0x98b80000)
  from space 4608K, 24% used [0x98b80000,0x98c9cc58,0x99000000)
  to   space 5120K, 0% used [0x9a880000,0x9a880000,0x9ad80000)
 ParOldGen       total 32768K, used 7252K [0x77a00000, 0x79a00000, 0x97380000)
  object space 32768K, 22% used [0x77a00000,0x78115128,0x79a00000)
 Metaspace       used 15819K, capacity 16029K, committed 16152K, reserved 16688K
Event: 50,958 GC heap after
Heap after GC invocations=8 (full 0):
 PSYoungGen      total 54016K, used 394K [0x97380000, 0x9ae00000, 0xa7000000)
  eden space 48896K, 0% used [0x97380000,0x97380000,0x9a340000)
  from space 5120K, 7% used [0x9a880000,0x9a8e2830,0x9ad80000)
  to   space 5376K, 0% used [0x9a340000,0x9a340000,0x9a880000)
 ParOldGen       total 32768K, used 8021K [0x77a00000, 0x79a00000, 0x97380000)
  object space 32768K, 24% used [0x77a00000,0x781d5610,0x79a00000)
 Metaspace       used 15819K, capacity 16029K, committed 16152K, reserved 16688K
}
Event: 51,531 GC heap before
{Heap before GC invocations=9 (full 0):
 PSYoungGen      total 54016K, used 49290K [0x97380000, 0x9ae00000, 0xa7000000)
  eden space 48896K, 100% used [0x97380000,0x9a340000,0x9a340000)
  from space 5120K, 7% used [0x9a880000,0x9a8e2830,0x9ad80000)
  to   space 5376K, 0% used [0x9a340000,0x9a340000,0x9a880000)
 ParOldGen       total 32768K, used 8021K [0x77a00000, 0x79a00000, 0x97380000)
  object space 32768K, 24% used [0x77a00000,0x781d5610,0x79a00000)
 Metaspace       used 15824K, capacity 16029K, committed 16152K, reserved 16688K
Event: 51,549 GC heap after
Heap after GC invocations=9 (full 0):
 PSYoungGen      total 54272K, used 32K [0x97380000, 0x9cb00000, 0xa7000000)
  eden space 48896K, 0% used [0x97380000,0x97380000,0x9a340000)
  from space 5376K, 0% used [0x9a340000,0x9a348000,0x9a880000)
  to   space 5632K, 0% used [0x9c580000,0x9c580000,0x9cb00000)
 ParOldGen       total 32768K, used 8399K [0x77a00000, 0x79a00000, 0x97380000)
  object space 32768K, 25% used [0x77a00000,0x78233e40,0x79a00000)
 Metaspace       used 15824K, capacity 16029K, committed 16152K, reserved 16688K
}

