# JRE version: Java(TM) SE Runtime Environment (8.0_45-b14) (build 1.8.0_45-b14)
# Java VM: Java HotSpot(TM) Server VM (25.45-b02 mixed mode linux-x86 )
Heap:
 PSYoungGen      total 55808K, used 23259K [0x97380000, 0x9e080000, 0xa7000000)
  eden space 49152K, 44% used [0x97380000,0x98914728,0x9a380000)
  from space 6656K, 17% used [0x9a380000,0x9a4a2840,0x9aa00000)
  to   space 6656K, 0% used [0x9da00000,0x9da00000,0x9e080000)
 ParOldGen       total 32768K, used 8720K [0x77a00000, 0x79a00000, 0x97380000)
  object space 32768K, 26% used [0x77a00000,0x78284288,0x79a00000)
 Metaspace       used 16031K, capacity 16248K, committed 16384K, reserved 16688K
GC Heap History (10 events):
Event: 16,254 GC heap before
{Heap before GC invocations=3 (full 0):
 PSYoungGen      total 26624K, used 26616K [0x97380000, 0x98f80000, 0xa7000000)
  eden space 24576K, 100% used [0x97380000,0x98b80000,0x98b80000)
  from space 2048K, 99% used [0x98d80000,0x98f7e0f0,0x98f80000)
  to   space 2048K, 0% used [0x98b80000,0x98b80000,0x98d80000)
 ParOldGen       total 32768K, used 1462K [0x77a00000, 0x79a00000, 0x97380000)
  object space 32768K, 4% used [0x77a00000,0x77b6d960,0x79a00000)
 Metaspace       used 13193K, capacity 13405K, committed 13464K, reserved 13616K
Event: 16,281 GC heap after
Heap after GC invocations=3 (full 0):
 PSYoungGen      total 26624K, used 2033K [0x97380000, 0x98f80000, 0xa7000000)
  eden space 24576K, 0% used [0x97380000,0x97380000,0x98b80000)
  from space 2048K, 99% used [0x98b80000,0x98d7c4f8,0x98d80000)
  to   space 2048K, 0% used [0x98d80000,0x98d80000,0x98f80000)
 ParOldGen       total 32768K, used 3938K [0x77a00000, 0x79a00000, 0x97380000)
  object space 32768K, 12% used [0x77a00000,0x77dd89c0,0x79a00000)
 Metaspace       used 13193K, capacity 13405K, committed 13464K, reserved 13616K
}
Event: 17,412 GC heap before
{Heap before GC invocations=4 (full 0):
 PSYoungGen      total 26624K, used 26609K [0x97380000, 0x98f80000, 0xa7000000)
  eden space 24576K, 100% used [0x97380000,0x98b80000,0x98b80000)
  from space 2048K, 99% used [0x98b80000,0x98d7c4f8,0x98d80000)
  to   space 2048K, 0% used [0x98d80000,0x98d80000,0x98f80000)
 ParOldGen       total 32768K, used 3938K [0x77a00000, 0x79a00000, 0x97380000)
  object space 32768K, 12% used [0x77a00000,0x77dd89c0,0x79a00000)
 Metaspace       used 15754K, capacity 15965K, committed 16024K, reserved 16688K
Event: 17,433 GC heap after
Heap after GC invocations=4 (full 0):
 PSYoungGen      total 26624K, used 2042K [0x97380000, 0x9a780000, 0xa7000000)
  eden space 24576K, 0% used [0x97380000,0x97380000,0x98b80000)
  from space 2048K, 99% used [0x98d80000,0x98f7e900,0x98f80000)
  to   space 2048K, 0% used [0x98b80000,0x98b80000,0x98d80000)
 ParOldGen       total 32768K, used 7827K [0x77a00000, 0x79a00000, 0x97380000)
  object space 32768K, 23% used [0x77a00000,0x781a4e88,0x79a00000)
 Metaspace       used 15754K, capacity 15965K, committed 16024K, reserved 16688K
}
Event: 17,796 GC heap before
{Heap before GC invocations=5 (full 0):
 PSYoungGen      total 26624K, used 26618K [0x97380000, 0x9a780000, 0xa7000000)
  eden space 24576K, 100% used [0x97380000,0x98b80000,0x98b80000)
  from space 2048K, 99% used [0x98d80000,0x98f7e900,0x98f80000)
  to   space 2048K, 0% used [0x98b80000,0x98b80000,0x98d80000)
 ParOldGen       total 32768K, used 7827K [0x77a00000, 0x79a00000, 0x97380000)
  object space 32768K, 23% used [0x77a00000,0x781a4e88,0x79a00000)
 Metaspace       used 15775K, capacity 15997K, committed 16152K, reserved 16688K
Event: 17,814 GC heap after
Heap after GC invocations=5 (full 0):
 PSYoungGen      total 26624K, used 2041K [0x97380000, 0x9b100000, 0xa7000000)
  eden space 24576K, 0% used [0x97380000,0x97380000,0x98b80000)
  from space 2048K, 99% used [0x98b80000,0x98d7e4e8,0x98d80000)
  to   space 6912K, 0% used [0x9aa40000,0x9aa40000,0x9b100000)
 ParOldGen       total 32768K, used 7847K [0x77a00000, 0x79a00000, 0x97380000)
  object space 32768K, 23% used [0x77a00000,0x781a9e88,0x79a00000)
 Metaspace       used 15775K, capacity 15997K, committed 16152K, reserved 16688K
}
Event: 18,124 GC heap before
{Heap before GC invocations=6 (full 0):
 PSYoungGen      total 26624K, used 26617K [0x97380000, 0x9b100000, 0xa7000000)
  eden space 24576K, 100% used [0x97380000,0x98b80000,0x98b80000)
  from space 2048K, 99% used [0x98b80000,0x98d7e4e8,0x98d80000)
  to   space 6912K, 0% used [0x9aa40000,0x9aa40000,0x9b100000)
 ParOldGen       total 32768K, used 7847K [0x77a00000, 0x79a00000, 0x97380000)
  object space 32768K, 23% used [0x77a00000,0x781a9e88,0x79a00000)
 Metaspace       used 15782K, capacity 15997K, committed 16152K, reserved 16688K
Event: 18,142 GC heap after
Heap after GC invocations=6 (full 0):
 PSYoungGen      total 55552K, used 2040K [0x97380000, 0x9b080000, 0xa7000000)
  eden space 49152K, 0% used [0x97380000,0x97380000,0x9a380000)
  from space 6400K, 31% used [0x9aa40000,0x9ac3e0e0,0x9b080000)
  to   space 6656K, 0% used [0x9a380000,0x9a380000,0x9aa00000)
 ParOldGen       total 32768K, used 7847K [0x77a00000, 0x79a00000, 0x97380000)
  object space 32768K, 23% used [0x77a00000,0x781a9e88,0x79a00000)
 Metaspace       used 15782K, capacity 15997K, committed 16152K, reserved 16688K
}
Event: 18,658 GC heap before
{Heap before GC invocations=7 (full 0):
 PSYoungGen      total 55552K, used 51192K [0x97380000, 0x9b080000, 0xa7000000)
  eden space 49152K, 100% used [0x97380000,0x9a380000,0x9a380000)
  from space 6400K, 31% used [0x9aa40000,0x9ac3e0e0,0x9b080000)
  to   space 6656K, 0% used [0x9a380000,0x9a380000,0x9aa00000)
 ParOldGen       total 32768K, used 7847K [0x77a00000, 0x79a00000, 0x97380000)
  object space 32768K, 23% used [0x77a00000,0x781a9e88,0x79a00000)
 Metaspace       used 15788K, capacity 15997K, committed 16152K, reserved 16688K
Event: 18,695 GC heap after
Heap after GC invocations=7 (full 0):
 PSYoungGen      total 55808K, used 1162K [0x97380000, 0x9e080000, 0xa7000000)
  eden space 49152K, 0% used [0x97380000,0x97380000,0x9a380000)
  from space 6656K, 17% used [0x9a380000,0x9a4a2840,0x9aa00000)
  to   space 6656K, 0% used [0x9da00000,0x9da00000,0x9e080000)
 ParOldGen       total 32768K, used 8720K [0x77a00000, 0x79a00000, 0x97380000)
  object space 32768K, 26% used [0x77a00000,0x78284288,0x79a00000)
 Metaspace       used 15788K, capacity 15997K, committed 16152K, reserved 16688K
}

